<!DOCTYPE html PUBLIC "-//W3C//DTD XHTML 1.1//EN" "https://www.w3.org/TR/xhtml11/DTD/xhtml11.dtd">
<html xmlns="https://www.w3.org/1999/xhtml">
<head>
<meta charset='utf-8'>
<title>TestNG Report</title>
<style type="text/css">
table {margin-bottom:10px;border-collapse:collapse;empty-cells:show}
td,th {border:1px solid #009;padding:.25em .5em}
.result th {vertical-align:bottom}
.param th {padding-left:1em;padding-right:1em}
.param td {padding-left:.5em;padding-right:2em}
.stripe td,.stripe th {background-color: #E6EBF9}
.numi,.numi_attn {text-align:right}
.total td {font-weight:bold}
.passedodd td {background-color: #0A0}
.passedeven td {background-color: #3F3}
.skippedodd td {background-color: #CCC}
.skippedodd td {background-color: #DDD}
.failedodd td,.numi_attn {background-color: #F33}
.failedeven td,.stripe .numi_attn {background-color: #D00}
.stacktrace {white-space:pre;font-family:monospace}
.totop {font-size:85%;text-align:center;border-bottom:2px solid #000}
</style>
</head>
<body>
<table cellspacing="0" cellpadding="0" class="testOverview">
<tr><th>Test</th><th>Methods<br/>Passed</th><th>Scenarios<br/>Passed</th><th># skipped</th><th># failed</th><th>Total<br/>Time</th><th>Included<br/>Groups</th><th>Excluded<br/>Groups</th></tr>
<tr><td style="text-align:left;padding-right:2em"><a href="#t1">C:/Users/Ashish.Eerapuram/IdeaProjects/RestAssuredAPITesting/pom.xml</a></td><td class="numi">7</td><td class="numi">7</td><td class="numi">0</td><td class="numi_attn">2</td><td class="numi">10.3 seconds</td><td class="numi"></td><td class="numi"></td></tr>
</table>
<table cellspacing="0" cellpadding="0" class="methodOverview" id="summary">
<tr><th>Class</th><th>Method</th><th># of<br/>Scenarios</th><th>Start</th><th>Time<br/>(ms)</th></tr>
<tr id="t1"><th colspan="5">C:/Users/Ashish.Eerapuram/IdeaProjects/RestAssuredAPITesting/pom.xml &#8212; failed</th></tr>
<tr class="failedodd"><td>demo_get.TC005_FindPetsByStatus</td><td><a href="#m1"><b>getSoldPetDetails</b>  </a></td><td class="numi">1</td><td>1668053812182</td><td class="numi">1209</td></tr>
<tr class="failedeven"><td>demo_get.TC006_FindPetByID</td><td><a href="#m2"><b>getPetDetailsUsingID</b>  </a></td><td class="numi">1</td><td>1668053813397</td><td class="numi">1238</td></tr>
<tr><th colspan="5">C:/Users/Ashish.Eerapuram/IdeaProjects/RestAssuredAPITesting/pom.xml &#8212; passed</th></tr>
<tr class="passedodd"><td>demo_get.TC002_ReturnSingleUser</td><td><a href="#m3"><b>getSingleUserDetails</b>  </a></td><td class="numi">1</td><td>1668053811009</td><td class="numi">105</td></tr>
<tr class="passedeven"><td>demo_get.TC003_SingleEmployeeData</td><td><a href="#m4"><b>getSingleEmployeeDetails</b>  </a></td><td class="numi">1</td><td>1668053811115</td><td class="numi">1066</td></tr>
<tr class="passedodd"><td>demo_post.TC001_DemoCreate</td><td><a href="#m5"><b>createUserDetails</b>  </a></td><td class="numi">1</td><td>1668053804429</td><td class="numi">3695</td></tr>
<tr class="passedeven"><td>demo_post.TC002_LoginSuccess</td><td><a href="#m6"><b>getUserDetails</b>  </a></td><td class="numi">1</td><td>1668053808329</td><td class="numi">510</td></tr>
<tr class="passedodd"><td>demo_get.TC004_AllEmployeesData</td><td><a href="#m7"><b>getAllEmployeeDetails</b>  </a></td><td class="numi">1</td><td>1668053809911</td><td class="numi">1097</td></tr>
<tr class="passedeven"><td>demo_get.TC001_ReturnAllUsers</td><td><a href="#m8"><b>getAllUserDetails</b>  </a></td><td class="numi">1</td><td>1668053808131</td><td class="numi">197</td></tr>
<tr class="passedodd"><td>demo_post.TC003_CreateNewRecord</td><td><a href="#m9"><b>createNewRecord</b>  </a></td><td class="numi">1</td><td>1668053808840</td><td class="numi">1070</td></tr>
</table>
<h1>C:/Users/Ashish.Eerapuram/IdeaProjects/RestAssuredAPITesting/pom.xml</h1>
<h2 id="m1">demo_get.TC005_FindPetsByStatus:getSoldPetDetails</h2>
<div>
<div class="stacktrace">java.lang.ClassCastException: class java.util.ArrayList cannot be cast to class java.lang.String (java.util.ArrayList and java.lang.String are in module java.base of loader &apos;bootstrap&apos;)
	at demo_get.TC005_FindPetsByStatus.getSoldPetDetails(TC005_FindPetsByStatus.java:34)
	at java.base/jdk.internal.reflect.DirectMethodHandleAccessor.invoke(DirectMethodHandleAccessor.java:104)
	at java.base/java.lang.reflect.Method.invoke(Method.java:577)
	at org.testng.internal.invokers.MethodInvocationHelper.invokeMethod(MethodInvocationHelper.java:139)
	at org.testng.internal.invokers.TestInvoker.invokeMethod(TestInvoker.java:677)
	at org.testng.internal.invokers.TestInvoker.invokeTestMethod(TestInvoker.java:221)
	at org.testng.internal.invokers.MethodRunner.runInSequence(MethodRunner.java:50)
	at org.testng.internal.invokers.TestInvoker$MethodInvocationAgent.invoke(TestInvoker.java:962)
	at org.testng.internal.invokers.TestInvoker.invokeTestMethods(TestInvoker.java:194)
	at org.testng.internal.invokers.TestMethodWorker.invokeTestMethods(TestMethodWorker.java:148)
	at org.testng.internal.invokers.TestMethodWorker.run(TestMethodWorker.java:128)
	at java.base/java.util.ArrayList.forEach(ArrayList.java:1511)
	at org.testng.TestRunner.privateRun(TestRunner.java:806)
	at org.testng.TestRunner.run(TestRunner.java:601)
	at org.testng.SuiteRunner.runTest(SuiteRunner.java:433)
	at org.testng.SuiteRunner.runSequentially(SuiteRunner.java:427)
	at org.testng.SuiteRunner.privateRun(SuiteRunner.java:387)
	at org.testng.SuiteRunner.run(SuiteRunner.java:330)
	at org.testng.SuiteRunnerWorker.runSuite(SuiteRunnerWorker.java:52)
	at org.testng.SuiteRunnerWorker.run(SuiteRunnerWorker.java:95)
	at org.testng.TestNG.runSuitesSequentially(TestNG.java:1256)
	at org.testng.TestNG.runSuitesLocally(TestNG.java:1176)
	at org.testng.TestNG.runSuites(TestNG.java:1099)
	at org.testng.TestNG.run(TestNG.java:1067)
	at com.intellij.rt.testng.IDEARemoteTestNG.run(IDEARemoteTestNG.java:66)
	at com.intellij.rt.testng.RemoteTestNGStarter.main(RemoteTestNGStarter.java:109)
</div>
</div>
<p class="totop"><a href="#summary">back to summary</a></p>
<h2 id="m2">demo_get.TC006_FindPetByID:getPetDetailsUsingID</h2>
<div>
<div class="stacktrace">java.lang.AssertionError: expected [200] but found [404]
	at org.testng.Assert.fail(Assert.java:110)
	at org.testng.Assert.failNotEquals(Assert.java:1413)
	at org.testng.Assert.assertEqualsImpl(Assert.java:149)
	at org.testng.Assert.assertEquals(Assert.java:131)
	at org.testng.Assert.assertEquals(Assert.java:1240)
	at org.testng.Assert.assertEquals(Assert.java:1274)
	at demo_get.TC006_FindPetByID.getPetDetailsUsingID(TC006_FindPetByID.java:31)
	at java.base/jdk.internal.reflect.DirectMethodHandleAccessor.invoke(DirectMethodHandleAccessor.java:104)
	at java.base/java.lang.reflect.Method.invoke(Method.java:577)
	at org.testng.internal.invokers.MethodInvocationHelper.invokeMethod(MethodInvocationHelper.java:139)
	at org.testng.internal.invokers.TestInvoker.invokeMethod(TestInvoker.java:677)
	at org.testng.internal.invokers.TestInvoker.invokeTestMethod(TestInvoker.java:221)
	at org.testng.internal.invokers.MethodRunner.runInSequence(MethodRunner.java:50)
	at org.testng.internal.invokers.TestInvoker$MethodInvocationAgent.invoke(TestInvoker.java:962)
	at org.testng.internal.invokers.TestInvoker.invokeTestMethods(TestInvoker.java:194)
	at org.testng.internal.invokers.TestMethodWorker.invokeTestMethods(TestMethodWorker.java:148)
	at org.testng.internal.invokers.TestMethodWorker.run(TestMethodWorker.java:128)
	at java.base/java.util.ArrayList.forEach(ArrayList.java:1511)
	at org.testng.TestRunner.privateRun(TestRunner.java:806)
	at org.testng.TestRunner.run(TestRunner.java:601)
	at org.testng.SuiteRunner.runTest(SuiteRunner.java:433)
	at org.testng.SuiteRunner.runSequentially(SuiteRunner.java:427)
	at org.testng.SuiteRunner.privateRun(SuiteRunner.java:387)
	at org.testng.SuiteRunner.run(SuiteRunner.java:330)
	at org.testng.SuiteRunnerWorker.runSuite(SuiteRunnerWorker.java:52)
	at org.testng.SuiteRunnerWorker.run(SuiteRunnerWorker.java:95)
	at org.testng.TestNG.runSuitesSequentially(TestNG.java:1256)
	at org.testng.TestNG.runSuitesLocally(TestNG.java:1176)
	at org.testng.TestNG.runSuites(TestNG.java:1099)
	at org.testng.TestNG.run(TestNG.java:1067)
	at com.intellij.rt.testng.IDEARemoteTestNG.run(IDEARemoteTestNG.java:66)
	at com.intellij.rt.testng.RemoteTestNGStarter.main(RemoteTestNGStarter.java:109)
</div>
</div>
<p class="totop"><a href="#summary">back to summary</a></p>
<h2 id="m3">demo_get.TC002_ReturnSingleUser:getSingleUserDetails</h2>
<p class="totop"><a href="#summary">back to summary</a></p>
<h2 id="m4">demo_get.TC003_SingleEmployeeData:getSingleEmployeeDetails</h2>
<p class="totop"><a href="#summary">back to summary</a></p>
<h2 id="m5">demo_post.TC001_DemoCreate:createUserDetails</h2>
<p class="totop"><a href="#summary">back to summary</a></p>
<h2 id="m6">demo_post.TC002_LoginSuccess:getUserDetails</h2>
<p class="totop"><a href="#summary">back to summary</a></p>
<h2 id="m7">demo_get.TC004_AllEmployeesData:getAllEmployeeDetails</h2>
<p class="totop"><a href="#summary">back to summary</a></p>
<h2 id="m8">demo_get.TC001_ReturnAllUsers:getAllUserDetails</h2>
<p class="totop"><a href="#summary">back to summary</a></p>
<h2 id="m9">demo_post.TC003_CreateNewRecord:createNewRecord</h2>
<p class="totop"><a href="#summary">back to summary</a></p>
</body></html>
